1697002322854	geckodriver	INFO	Listening on 127.0.0.1:49905
1697002323263	mozrunner::runner	INFO	Running command: MOZ_CRASHREPORTER="1" MOZ_CRASHREPORTER_NO_REPORT="1" MOZ_CRASHREPORTER_SHUTDOWN="1" MOZ_NO_REMOTE="1" "/App ... s" "localhost" "-foreground" "-no-remote" "-profile" "/var/folders/m8/0hkc75196cqgc20pkxzggnvw0000gn/T/rust_mozprofileVcbd9a"
console.warn: services.settings: Ignoring preference override of remote settings server
console.warn: services.settings: Allow by setting MOZ_REMOTE_SETTINGS_DEVTOOLS=1 in the environment
1697002323492	Marionette	INFO	Marionette enabled
2023-10-11 13:32:03.570 plugin-container[6742:47709] nil host used in call to allowsSpecificHTTPSCertificateForHost
2023-10-11 13:32:03.570 plugin-container[6742:47709] nil host used in call to allowsAnyHTTPSCertificateForHost:
2023-10-11 13:32:03.572 plugin-container[6742:47709] nil host used in call to allowsSpecificHTTPSCertificateForHost
2023-10-11 13:32:03.572 plugin-container[6742:47709] nil host used in call to allowsAnyHTTPSCertificateForHost:
2023-10-11 13:32:03.572 plugin-container[6742:47707] nil host used in call to allowsSpecificHTTPSCertificateForHost
2023-10-11 13:32:03.572 plugin-container[6742:47707] nil host used in call to allowsAnyHTTPSCertificateForHost:
console.error: "Warning: unrecognized command line flag" "-remote-allow-hosts"
1697002323663	Marionette	INFO	Listening on port 49918
WebDriver BiDi listening on ws://127.0.0.1:49906
Read port: 49918
1697002323758	RemoteAgent	WARN	TLS certificate errors will be ignored for this session
UNSUPPORTED (log once): POSSIBLE ISSUE: unit 1 GLD_TEXTURE_INDEX_2D is unloadable and bound to sampler type (Float) - using zero texture because texture unloadable
2023-10-11 05:32:04.535 plugin-container[6745:47893] nil host used in call to allowsSpecificHTTPSCertificateForHost
2023-10-11 05:32:04.536 plugin-container[6745:47893] nil host used in call to allowsAnyHTTPSCertificateForHost:
2023-10-11 05:32:04.537 plugin-container[6745:47893] nil host used in call to allowsSpecificHTTPSCertificateForHost
2023-10-11 05:32:04.537 plugin-container[6745:47893] nil host used in call to allowsAnyHTTPSCertificateForHost:
2023-10-11 05:32:04.537 plugin-container[6745:47895] nil host used in call to allowsSpecificHTTPSCertificateForHost
2023-10-11 05:32:04.537 plugin-container[6745:47895] nil host used in call to allowsAnyHTTPSCertificateForHost:
DevTools listening on ws://127.0.0.1:49906/devtools/browser/423a4d88-2db0-402f-b6d2-8bf4f691672a
1697002325200	Marionette	WARN	Ignoring event 'DOMContentLoaded' because document has an invalid readyState of 'complete'.
JavaScript warning: https://www.tirerack.com/etc.clientlibs/settings/wcm/designs/tirerack-desktop-design/clientlibs-analytics.min.ACSHASH36c9393bc4e2ec807ab46162aaa9c8cf.js, line 514: WEBGL_debug_renderer_info is deprecated in Firefox and will be removed. Please use RENDERER.
JavaScript warning: https://cdn2.gbqofs.com/tirerack/u/detector-dom.min.js, line 92: asm.js type error: cannot create array view without an asm.js heap parameter
console.error: ({})
JavaScript error: , line 0: TypeError: ServiceWorker script at https://www.tirerack.com/akam-sw.js for scope https://www.tirerack.com/ encountered an error during installation.
1697002358671	Marionette	WARN	Ignoring event 'pageshow' because document has an invalid readyState of 'uninitialized'.
1697002358677	Marionette	WARN	Ignoring event 'pageshow' because document has an invalid readyState of 'uninitialized'.
1697002358683	Marionette	WARN	Ignoring event 'pageshow' because document has an invalid readyState of 'uninitialized'.
console.warn: "Listener for event 'frame' did not return a promise."
console.warn: "Listener for event 'frame' did not return a promise."
console.warn: "Listener for event 'frame' did not return a promise."
1697002404717	Marionette	WARN	Ignoring event 'pageshow' because document has an invalid readyState of 'uninitialized'.
JavaScript error: , line 0: NotFoundError: No such JSWindowActor 'DevToolsFrame'
JavaScript error: , line 0: NotFoundError: No such JSWindowActor 'DevToolsFrame'
JavaScript error: , line 0: NotFoundError: No such JSWindowActor 'DevToolsFrame'
JavaScript error: , line 0: NotFoundError: No such JSWindowActor 'DevToolsFrame'
JavaScript error: , line 0: NotFoundError: No such JSWindowActor 'DevToolsFrame'
JavaScript error: , line 0: NotFoundError: No such JSWindowActor 'DevToolsFrame'
JavaScript error: , line 0: NotFoundError: No such JSWindowActor 'DevToolsFrame'
JavaScript error: , line 0: NotFoundError: No such JSWindowActor 'DevToolsFrame'
JavaScript error: , line 0: NotFoundError: No such JSWindowActor 'DevToolsFrame'
JavaScript error: , line 0: NotFoundError: No such JSWindowActor 'DevToolsFrame'
JavaScript error: , line 0: NotFoundError: No such JSWindowActor 'DevToolsFrame'
JavaScript error: , line 0: NotFoundError: No such JSWindowActor 'DevToolsFrame'
JavaScript error: , line 0: NotFoundError: No such JSWindowActor 'DevToolsFrame'
